<?xml version="1.0" encoding="UTF-8"?>
<!-- Generated by org.testng.reporters.JUnitXMLReporter -->
<testsuite hostname="ACER-PC" name="view summary" tests="1" failures="1" timestamp="6 Nov 2022 07:40:20 GMT" time="0.047" errors="0">
  <testcase name="accountSummary" time="0.015" classname="altoroTest.AltoroViewSummary">
    <failure type="java.lang.NullPointerException">
      <![CDATA[java.lang.NullPointerException
	at org.openqa.selenium.support.pagefactory.DefaultElementLocator.findElement(DefaultElementLocator.java:69)
	at org.openqa.selenium.support.pagefactory.internal.LocatingElementHandler.invoke(LocatingElementHandler.java:38)
	at com.sun.proxy.$Proxy7.getTagName(Unknown Source)
	at org.openqa.selenium.support.ui.Select.<init>(Select.java:45)
	at altoroTest.AltoroViewSummary.accountSummary(AltoroViewSummary.java:17)
... Removed 25 stack frames]]>
    </failure>
  </testcase> <!-- accountSummary -->
</testsuite> <!-- view summary -->
