<?xml version="1.0" encoding="UTF-8"?>
<testng-results skipped="0" failed="0" total="1" passed="1">
  <reporter-output>
  </reporter-output>
  <suite name="Default suite" duration-ms="58146" started-at="2022-11-06T12:17:07Z" finished-at="2022-11-06T12:18:06Z">
    <groups>
    </groups>
    <test name="Default test" duration-ms="58146" started-at="2022-11-06T12:17:07Z" finished-at="2022-11-06T12:18:06Z">
      <class name="altoroTest.AltroLoginTest">
        <test-method status="PASS" signature="browserLaunch()[pri:0, instance:altoroTest.AltroLoginTest@f4468b]" name="browserLaunch" is-config="true" duration-ms="21118" started-at="2022-11-06T17:47:08Z" finished-at="2022-11-06T17:47:29Z">
          <reporter-output>
          </reporter-output>
        </test-method> <!-- browserLaunch -->
        <test-method status="PASS" signature="login()[pri:0, instance:altoroTest.AltroLoginTest@f4468b]" name="login" duration-ms="35157" started-at="2022-11-06T17:47:29Z" finished-at="2022-11-06T17:48:04Z">
          <reporter-output>
          </reporter-output>
        </test-method> <!-- login -->
        <test-method status="PASS" signature="browserClose()[pri:0, instance:altoroTest.AltroLoginTest@f4468b]" name="browserClose" is-config="true" duration-ms="1806" started-at="2022-11-06T17:48:04Z" finished-at="2022-11-06T17:48:06Z">
          <reporter-output>
          </reporter-output>
        </test-method> <!-- browserClose -->
      </class> <!-- altoroTest.AltroLoginTest -->
    </test> <!-- Default test -->
  </suite> <!-- Default suite -->
</testng-results>
